17:09:02 - [MainThread-8500617408] - INFO - xp.utils.logging - File logging enabled: conbus.log
17:09:02 - [MainThread-8500617408] - WARNING - xp.services.server.server_service - Unknown device type 'XP70C' for serial 0020011318
17:09:02 - [MainThread-8500617408] - WARNING - xp.services.server.server_service - Unknown device type 'XP11' for serial 9900000001
17:09:02 - [MainThread-8500617408] - WARNING - xp.services.server.server_service - Unknown device type 'XP11' for serial 9900000002
17:09:02 - [MainThread-8500617408] - WARNING - xp.services.server.server_service - Unknown device type 'XP11' for serial 9900000003
17:09:02 - [MainThread-8500617408] - INFO - xp.services.server.server_service - Loaded 17 devices from config
17:09:02 - [DeviceCollector-6175158272] - INFO - xp.services.server.server_service - Collector thread starting
17:09:02 - [MainThread-8500617408] - INFO - xp.services.server.server_service - Collector thread started
17:09:02 - [MainThread-8500617408] - INFO - xp.services.server.server_service - Conbus emulator server started on port 10001
17:09:02 - [MainThread-8500617408] - INFO - xp.services.server.server_service - Configured devices: ['0020041013', '0020037487', '0020042796', '0020044991', '0020044974', '0020044966', '0020044989', '0020044964', '0020044986', '0020041824', '0020030837', '0020045056', '0020045057', '0020011318', '9900000001', '9900000002', '9900000003']
17:12:27 - [MainThread-8500617408] - INFO - xp.utils.logging - File logging enabled: conbus.log
17:12:27 - [MainThread-8500617408] - WARNING - xp.services.server.server_service - Unknown device type 'XP70C' for serial 0020011318
17:12:27 - [MainThread-8500617408] - WARNING - xp.services.server.server_service - Unknown device type 'XP11' for serial 9900000001
17:12:27 - [MainThread-8500617408] - WARNING - xp.services.server.server_service - Unknown device type 'XP11' for serial 9900000002
17:12:27 - [MainThread-8500617408] - WARNING - xp.services.server.server_service - Unknown device type 'XP11' for serial 9900000003
17:12:27 - [MainThread-8500617408] - INFO - xp.services.server.server_service - Loaded 17 devices from config
17:12:27 - [DeviceCollector-6182547456] - INFO - xp.services.server.server_service - Collector thread starting
17:12:27 - [MainThread-8500617408] - INFO - xp.services.server.server_service - Collector thread started
17:12:27 - [MainThread-8500617408] - INFO - xp.services.server.server_service - Conbus emulator server started on port 10001
17:12:27 - [MainThread-8500617408] - INFO - xp.services.server.server_service - Configured devices: ['0020041013', '0020037487', '0020042796', '0020044991', '0020044974', '0020044966', '0020044989', '0020044964', '0020044986', '0020041824', '0020030837', '0020045056', '0020045057', '0020011318', '9900000001', '9900000002', '9900000003']
17:13:04 - [MainThread-8500617408] - INFO - xp.utils.logging - File logging enabled: conbus.log
17:13:04 - [MainThread-8500617408] - WARNING - xp.services.server.server_service - Unknown device type 'XP70C' for serial 0020011318
17:13:04 - [MainThread-8500617408] - WARNING - xp.services.server.server_service - Unknown device type 'XP11' for serial 9900000001
17:13:04 - [MainThread-8500617408] - WARNING - xp.services.server.server_service - Unknown device type 'XP11' for serial 9900000002
17:13:04 - [MainThread-8500617408] - WARNING - xp.services.server.server_service - Unknown device type 'XP11' for serial 9900000003
17:13:04 - [MainThread-8500617408] - INFO - xp.services.server.server_service - Loaded 17 devices from config
17:13:04 - [DeviceCollector-6142603264] - INFO - xp.services.server.server_service - Collector thread starting
17:13:04 - [MainThread-8500617408] - INFO - xp.services.server.server_service - Collector thread started
17:13:04 - [MainThread-8500617408] - INFO - xp.services.server.server_service - Conbus emulator server started on port 10001
17:13:04 - [MainThread-8500617408] - INFO - xp.services.server.server_service - Configured devices: ['0020041013', '0020037487', '0020042796', '0020044991', '0020044974', '0020044966', '0020044989', '0020044964', '0020044986', '0020041824', '0020030837', '0020045056', '0020045057', '0020011318', '9900000001', '9900000002', '9900000003']
17:13:58 - [MainThread-8500617408] - ERROR - xp.tui.widgets.protocol_log - Connection failed: Connection was refused by other side: 61: Connection refused.
17:14:07 - [MainThread-8500617408] - ERROR - xp.tui.widgets.protocol_log - Connection failed: Connection was refused by other side: 61: Connection refused.
17:14:13 - [MainThread-8500617408] - ERROR - xp.tui.widgets.protocol_log - Connection failed: Connection was refused by other side: 61: Connection refused.
17:14:16 - [MainThread-8500617408] - ERROR - xp.tui.widgets.protocol_log - Connection failed: Connection was refused by other side: 61: Connection refused.
17:14:23 - [MainThread-8500617408] - ERROR - xp.tui.widgets.protocol_log - Connection failed: Connection was refused by other side: 61: Connection refused.
17:14:27 - [MainThread-8500617408] - ERROR - xp.tui.widgets.protocol_log - Connection failed: Connection was refused by other side: 61: Connection refused.
